{
  "C:/Users/LoginamNet/Desktop/rsschool-react/src/reducers/search.reducer.tsx": {
    "path": "C:/Users/LoginamNet/Desktop/rsschool-react/src/reducers/search.reducer.tsx",
    "statementMap": {
      "0": {
        "start": {
          "line": 2,
          "column": 27
        },
        "end": {
          "line": 14,
          "column": 2
        }
      },
      "1": {
        "start": {
          "line": 11,
          "column": 6
        },
        "end": {
          "line": 11,
          "column": 42
        }
      },
      "2": {
        "start": {
          "line": 17,
          "column": 4
        },
        "end": {
          "line": 17,
          "column": 23
        }
      }
    },
    "fnMap": {
      "0": {
        "name": "(anonymous_0)",
        "decl": {
          "start": {
            "line": 10,
            "column": 15
          },
          "end": {
            "line": 10,
            "column": 16
          }
        },
        "loc": {
          "start": {
            "line": 10,
            "column": 34
          },
          "end": {
            "line": 12,
            "column": 5
          }
        },
        "line": 10
      }
    },
    "branchMap": {},
    "s": {
      "0": 8,
      "1": 0,
      "2": 8
    },
    "f": {
      "0": 0
    },
    "b": {},
    "inputSourceMap": {
      "version": 3,
      "mappings": "AAAA,SAASA,mBAAmB;AAErB,aAAMC,cAAcD,YAAY;AAAA,EACrCE,MAAM;AAAA,EACNC,cAAc;AAAA,IAAEC,OAAO;AAAA,MAAEC,QAAQ;AAAA,IAAQ;AAAA,EAAE;AAAA,EAC3CC,UAAU;AAAA,IACRC,WAAWA,CAACC,OAAOC,WAAW;AAC5BD,YAAMJ,MAAMC,SAASI,OAAOC;AAAAA,IAC9B;AAAA,EACF;AACF,CAAC;AAEM,aAAM;AAAA,EAAEH;AAAU,IAAIN,YAAYU",
      "names": [
        "createSlice",
        "searchSlice",
        "name",
        "initialState",
        "value",
        "search",
        "reducers",
        "setSearch",
        "state",
        "action",
        "payload",
        "actions"
      ],
      "sources": [
        "C:/Users/LoginamNet/Desktop/rsschool-react/src/reducers/search.reducer.tsx"
      ],
      "file": "C:/Users/LoginamNet/Desktop/rsschool-react/src/reducers/search.reducer.tsx"
    },
    "_coverageSchema": "1a1c01bbd47fc00a2c39e90264f33305004495a9",
    "hash": "46082c88f26576c07a514d9a5a3d720ed5ea1955"
  },
  "C:/Users/LoginamNet/Desktop/rsschool-react/src/reducers/title.reducer.tsx": {
    "path": "C:/Users/LoginamNet/Desktop/rsschool-react/src/reducers/title.reducer.tsx",
    "statementMap": {
      "0": {
        "start": {
          "line": 2,
          "column": 32
        },
        "end": {
          "line": 14,
          "column": 2
        }
      },
      "1": {
        "start": {
          "line": 11,
          "column": 6
        },
        "end": {
          "line": 11,
          "column": 47
        }
      },
      "2": {
        "start": {
          "line": 17,
          "column": 4
        },
        "end": {
          "line": 17,
          "column": 28
        }
      }
    },
    "fnMap": {
      "0": {
        "name": "(anonymous_0)",
        "decl": {
          "start": {
            "line": 10,
            "column": 20
          },
          "end": {
            "line": 10,
            "column": 21
          }
        },
        "loc": {
          "start": {
            "line": 10,
            "column": 39
          },
          "end": {
            "line": 12,
            "column": 5
          }
        },
        "line": 10
      }
    },
    "branchMap": {},
    "s": {
      "0": 8,
      "1": 19,
      "2": 8
    },
    "f": {
      "0": 19
    },
    "b": {},
    "inputSourceMap": {
      "version": 3,
      "mappings": "AAAA,SAASA,mBAAmB;AAErB,aAAMC,mBAAmBD,YAAY;AAAA,EAC1CE,MAAM;AAAA,EACNC,cAAc;AAAA,IAAEC,OAAO;AAAA,MAAEC,aAAa;AAAA,IAAG;AAAA,EAAE;AAAA,EAC3CC,UAAU;AAAA,IACRC,gBAAgBA,CAACC,OAAOC,WAAW;AACjCD,YAAMJ,MAAMC,cAAcI,OAAOC;AAAAA,IACnC;AAAA,EACF;AACF,CAAC;AAEM,aAAM;AAAA,EAAEH;AAAe,IAAIN,iBAAiBU",
      "names": [
        "createSlice",
        "headerTitleSlice",
        "name",
        "initialState",
        "value",
        "headerTitle",
        "reducers",
        "setHeaderTitle",
        "state",
        "action",
        "payload",
        "actions"
      ],
      "sources": [
        "C:/Users/LoginamNet/Desktop/rsschool-react/src/reducers/title.reducer.tsx"
      ],
      "file": "C:/Users/LoginamNet/Desktop/rsschool-react/src/reducers/title.reducer.tsx"
    },
    "_coverageSchema": "1a1c01bbd47fc00a2c39e90264f33305004495a9",
    "hash": "e38fd15543d6b5ca4173f37de7cc187c64a2b02e"
  },
  "C:/Users/LoginamNet/Desktop/rsschool-react/src/reducers/form.reducer.tsx": {
    "path": "C:/Users/LoginamNet/Desktop/rsschool-react/src/reducers/form.reducer.tsx",
    "statementMap": {
      "0": {
        "start": {
          "line": 2,
          "column": 25
        },
        "end": {
          "line": 29,
          "column": 2
        }
      },
      "1": {
        "start": {
          "line": 12,
          "column": 6
        },
        "end": {
          "line": 20,
          "column": 9
        }
      },
      "2": {
        "start": {
          "line": 23,
          "column": 6
        },
        "end": {
          "line": 23,
          "column": 37
        }
      },
      "3": {
        "start": {
          "line": 26,
          "column": 6
        },
        "end": {
          "line": 26,
          "column": 38
        }
      },
      "4": {
        "start": {
          "line": 34,
          "column": 4
        },
        "end": {
          "line": 34,
          "column": 21
        }
      }
    },
    "fnMap": {
      "0": {
        "name": "(anonymous_0)",
        "decl": {
          "start": {
            "line": 11,
            "column": 14
          },
          "end": {
            "line": 11,
            "column": 15
          }
        },
        "loc": {
          "start": {
            "line": 11,
            "column": 33
          },
          "end": {
            "line": 21,
            "column": 5
          }
        },
        "line": 11
      },
      "1": {
        "name": "(anonymous_1)",
        "decl": {
          "start": {
            "line": 22,
            "column": 18
          },
          "end": {
            "line": 22,
            "column": 19
          }
        },
        "loc": {
          "start": {
            "line": 22,
            "column": 29
          },
          "end": {
            "line": 24,
            "column": 5
          }
        },
        "line": 22
      },
      "2": {
        "name": "(anonymous_2)",
        "decl": {
          "start": {
            "line": 25,
            "column": 19
          },
          "end": {
            "line": 25,
            "column": 20
          }
        },
        "loc": {
          "start": {
            "line": 25,
            "column": 30
          },
          "end": {
            "line": 27,
            "column": 5
          }
        },
        "line": 25
      }
    },
    "branchMap": {},
    "s": {
      "0": 8,
      "1": 2,
      "2": 2,
      "3": 1,
      "4": 8
    },
    "f": {
      "0": 2,
      "1": 2,
      "2": 1
    },
    "b": {},
    "inputSourceMap": {
      "version": 3,
      "mappings": "AAAA,SAASA,mBAAmB;AAYrB,aAAMC,YAAYD,YAAY;AAAA,EACnCE,MAAM;AAAA,EACNC,cAAc;AAAA,IAAEC,OAAO;AAAA,MAAEC,OAAO;AAAA,MAAkBC,aAAa;AAAA,IAAM;AAAA,EAAE;AAAA,EACvEC,UAAU;AAAA,IACRC,UAAUA,CAACC,OAAOC,WAAW;AAC3BD,YAAML,MAAMC,MAAMM,KAAK;AAAA,QACrBT,MAAMQ,OAAOE,QAAQV;AAAAA,QACrBW,MAAMH,OAAOE,QAAQC;AAAAA,QACrBC,SAASJ,OAAOE,QAAQG;AAAAA,QACxBC,UAAUN,OAAOE,QAAQK;AAAAA,QACzBC,OAAOR,OAAOE,QAAQM;AAAAA,QACtBC,MAAMT,OAAOE,QAAQO;AAAAA,QACrBC,MAAMC,IAAIC,gBAAgBZ,OAAOE,QAAQQ,KAAK,CAAC,CAAC;AAAA,MAClD,CAAC;AAAA,IACH;AAAA,IACAG,cAAed,WAAU;AACvBA,YAAML,MAAME,cAAc;AAAA,IAC5B;AAAA,IACAkB,eAAgBf,WAAU;AACxBA,YAAML,MAAME,cAAc;AAAA,IAC5B;AAAA,EACF;AACF,CAAC;AAEM,aAAM;AAAA,EAAEE;AAAAA,EAAUe;AAAAA,EAAcC;AAAc,IAAIvB,UAAUwB",
      "names": [
        "createSlice",
        "formSlice",
        "name",
        "initialState",
        "value",
        "cards",
        "isModalOpen",
        "reducers",
        "setCards",
        "state",
        "action",
        "push",
        "payload",
        "date",
        "checked",
        "check",
        "selected",
        "select",
        "radio",
        "text",
        "file",
        "URL",
        "createObjectURL",
        "setModalOpen",
        "setModalClose",
        "actions"
      ],
      "sources": [
        "C:/Users/LoginamNet/Desktop/rsschool-react/src/reducers/form.reducer.tsx"
      ],
      "file": "C:/Users/LoginamNet/Desktop/rsschool-react/src/reducers/form.reducer.tsx"
    },
    "_coverageSchema": "1a1c01bbd47fc00a2c39e90264f33305004495a9",
    "hash": "d2b4cba8941dccd187d67dfc7168b97bbacb9a58"
  },
  "C:/Users/LoginamNet/Desktop/rsschool-react/src/common/keys.tsx": {
    "path": "C:/Users/LoginamNet/Desktop/rsschool-react/src/common/keys.tsx",
    "statementMap": {
      "0": {
        "start": {
          "line": 1,
          "column": 26
        },
        "end": {
          "line": 1,
          "column": 71
        }
      }
    },
    "fnMap": {},
    "branchMap": {},
    "s": {
      "0": 8
    },
    "f": {},
    "b": {},
    "inputSourceMap": {
      "version": 3,
      "mappings": "AAAO,aAAMA,aAAa",
      "names": [
        "ACCESS_KEY"
      ],
      "sources": [
        "C:/Users/LoginamNet/Desktop/rsschool-react/src/common/keys.tsx"
      ],
      "file": "C:/Users/LoginamNet/Desktop/rsschool-react/src/common/keys.tsx"
    },
    "_coverageSchema": "1a1c01bbd47fc00a2c39e90264f33305004495a9",
    "hash": "e8513ac75f67aa759333ec107787b30a482c6fba"
  },
  "C:/Users/LoginamNet/Desktop/rsschool-react/src/reducers/api.reducer.tsx": {
    "path": "C:/Users/LoginamNet/Desktop/rsschool-react/src/reducers/api.reducer.tsx",
    "statementMap": {
      "0": {
        "start": {
          "line": 3,
          "column": 24
        },
        "end": {
          "line": 16,
          "column": 2
        }
      },
      "1": {
        "start": {
          "line": 8,
          "column": 27
        },
        "end": {
          "line": 15,
          "column": 3
        }
      },
      "2": {
        "start": {
          "line": 10,
          "column": 25
        },
        "end": {
          "line": 10,
          "column": 100
        }
      },
      "3": {
        "start": {
          "line": 13,
          "column": 21
        },
        "end": {
          "line": 13,
          "column": 60
        }
      },
      "4": {
        "start": {
          "line": 20,
          "column": 4
        },
        "end": {
          "line": 20,
          "column": 12
        }
      }
    },
    "fnMap": {
      "0": {
        "name": "(anonymous_0)",
        "decl": {
          "start": {
            "line": 8,
            "column": 13
          },
          "end": {
            "line": 8,
            "column": 14
          }
        },
        "loc": {
          "start": {
            "line": 8,
            "column": 27
          },
          "end": {
            "line": 15,
            "column": 3
          }
        },
        "line": 8
      },
      "1": {
        "name": "(anonymous_1)",
        "decl": {
          "start": {
            "line": 10,
            "column": 13
          },
          "end": {
            "line": 10,
            "column": 14
          }
        },
        "loc": {
          "start": {
            "line": 10,
            "column": 25
          },
          "end": {
            "line": 10,
            "column": 100
          }
        },
        "line": 10
      },
      "2": {
        "name": "(anonymous_2)",
        "decl": {
          "start": {
            "line": 13,
            "column": 13
          },
          "end": {
            "line": 13,
            "column": 14
          }
        },
        "loc": {
          "start": {
            "line": 13,
            "column": 21
          },
          "end": {
            "line": 13,
            "column": 60
          }
        },
        "line": 13
      }
    },
    "branchMap": {},
    "s": {
      "0": 8,
      "1": 8,
      "2": 1,
      "3": 1,
      "4": 8
    },
    "f": {
      "0": 8,
      "1": 1,
      "2": 1
    },
    "b": {},
    "inputSourceMap": {
      "version": 3,
      "mappings": "AAAA,SAASA,WAAWC,sBAAsB;AAC1C,SAASC,kBAAkB;AAEpB,aAAMC,WAAWH,UAAU;AAAA,EAChCI,aAAa;AAAA,EACbC,WAAWJ,eAAe;AAAA,IAAEK,SAAS;AAAA,EAA2B,CAAC;AAAA,EACjEC,WAAYC,cAAa;AAAA,IACvBC,UAAUD,QAAQE,MAAM;AAAA,MACtBA,OAAQC,YACL,2CAA0CA,oBAAoBT;AAAAA,IACnE,CAAC;AAAA,IACDU,SAASJ,QAAQE,MAAM;AAAA,MACrBA,OAAQG,QAAQ,WAAUA,gBAAgBX;AAAAA,IAC5C,CAAC;AAAA,EACH;AACF,CAAC;AAEM,aAAM;AAAA,EAAEY;AAAAA,EAAkBC;AAAgB,IAAIZ",
      "names": [
        "createApi",
        "fetchBaseQuery",
        "ACCESS_KEY",
        "apiSlice",
        "reducerPath",
        "baseQuery",
        "baseUrl",
        "endpoints",
        "builder",
        "getCards",
        "query",
        "search",
        "getCard",
        "id",
        "useGetCardsQuery",
        "useGetCardQuery"
      ],
      "sources": [
        "C:/Users/LoginamNet/Desktop/rsschool-react/src/reducers/api.reducer.tsx"
      ],
      "file": "C:/Users/LoginamNet/Desktop/rsschool-react/src/reducers/api.reducer.tsx"
    },
    "_coverageSchema": "1a1c01bbd47fc00a2c39e90264f33305004495a9",
    "hash": "2aaff715356c0ff20913ce00d9c58194f892ff50"
  },
  "C:/Users/LoginamNet/Desktop/rsschool-react/src/reducers/modal.reducer.tsx": {
    "path": "C:/Users/LoginamNet/Desktop/rsschool-react/src/reducers/modal.reducer.tsx",
    "statementMap": {
      "0": {
        "start": {
          "line": 2,
          "column": 26
        },
        "end": {
          "line": 22,
          "column": 2
        }
      },
      "1": {
        "start": {
          "line": 12,
          "column": 6
        },
        "end": {
          "line": 12,
          "column": 38
        }
      },
      "2": {
        "start": {
          "line": 15,
          "column": 6
        },
        "end": {
          "line": 15,
          "column": 37
        }
      },
      "3": {
        "start": {
          "line": 18,
          "column": 6
        },
        "end": {
          "line": 18,
          "column": 38
        }
      },
      "4": {
        "start": {
          "line": 19,
          "column": 6
        },
        "end": {
          "line": 19,
          "column": 26
        }
      },
      "5": {
        "start": {
          "line": 27,
          "column": 4
        },
        "end": {
          "line": 27,
          "column": 22
        }
      }
    },
    "fnMap": {
      "0": {
        "name": "(anonymous_0)",
        "decl": {
          "start": {
            "line": 11,
            "column": 11
          },
          "end": {
            "line": 11,
            "column": 12
          }
        },
        "loc": {
          "start": {
            "line": 11,
            "column": 30
          },
          "end": {
            "line": 13,
            "column": 5
          }
        },
        "line": 11
      },
      "1": {
        "name": "(anonymous_1)",
        "decl": {
          "start": {
            "line": 14,
            "column": 18
          },
          "end": {
            "line": 14,
            "column": 19
          }
        },
        "loc": {
          "start": {
            "line": 14,
            "column": 29
          },
          "end": {
            "line": 16,
            "column": 5
          }
        },
        "line": 14
      },
      "2": {
        "name": "(anonymous_2)",
        "decl": {
          "start": {
            "line": 17,
            "column": 19
          },
          "end": {
            "line": 17,
            "column": 20
          }
        },
        "loc": {
          "start": {
            "line": 17,
            "column": 30
          },
          "end": {
            "line": 20,
            "column": 5
          }
        },
        "line": 17
      }
    },
    "branchMap": {},
    "s": {
      "0": 8,
      "1": 0,
      "2": 0,
      "3": 0,
      "4": 0,
      "5": 8
    },
    "f": {
      "0": 0,
      "1": 0,
      "2": 0
    },
    "b": {},
    "inputSourceMap": {
      "version": 3,
      "mappings": "AAAA,SAASA,mBAAmB;AAErB,aAAMC,aAAaD,YAAY;AAAA,EACpCE,MAAM;AAAA,EACNC,cAAc;AAAA,IAAEC,OAAO;AAAA,MAAEC,IAAI;AAAA,MAAIC,aAAa;AAAA,IAAM;AAAA,EAAE;AAAA,EACtDC,UAAU;AAAA,IACRC,OAAOA,CAACC,OAAOC,WAAW;AACxBD,YAAML,MAAMC,KAAKK,OAAOC;AAAAA,IAC1B;AAAA,IACAC,cAAeH,WAAU;AACvBA,YAAML,MAAME,cAAc;AAAA,IAC5B;AAAA,IACAO,eAAgBJ,WAAU;AACxBA,YAAML,MAAME,cAAc;AAC1BG,YAAML,MAAMC,KAAK;AAAA,IACnB;AAAA,EACF;AACF,CAAC;AAEM,aAAM;AAAA,EAAEG;AAAAA,EAAOI;AAAAA,EAAcC;AAAc,IAAIZ,WAAWa",
      "names": [
        "createSlice",
        "modalSlice",
        "name",
        "initialState",
        "value",
        "id",
        "isModalOpen",
        "reducers",
        "setID",
        "state",
        "action",
        "payload",
        "setModalOpen",
        "setModalClose",
        "actions"
      ],
      "sources": [
        "C:/Users/LoginamNet/Desktop/rsschool-react/src/reducers/modal.reducer.tsx"
      ],
      "file": "C:/Users/LoginamNet/Desktop/rsschool-react/src/reducers/modal.reducer.tsx"
    },
    "_coverageSchema": "1a1c01bbd47fc00a2c39e90264f33305004495a9",
    "hash": "eab4f28d88074bb3a4255f1137b7aab661f431aa"
  },
  "C:/Users/LoginamNet/Desktop/rsschool-react/src/store.tsx": {
    "path": "C:/Users/LoginamNet/Desktop/rsschool-react/src/store.tsx",
    "statementMap": {
      "0": {
        "start": {
          "line": 7,
          "column": 21
        },
        "end": {
          "line": 18,
          "column": 2
        }
      },
      "1": {
        "start": {
          "line": 15,
          "column": 40
        },
        "end": {
          "line": 17,
          "column": 32
        }
      }
    },
    "fnMap": {
      "0": {
        "name": "(anonymous_0)",
        "decl": {
          "start": {
            "line": 15,
            "column": 14
          },
          "end": {
            "line": 15,
            "column": 15
          }
        },
        "loc": {
          "start": {
            "line": 15,
            "column": 40
          },
          "end": {
            "line": 17,
            "column": 32
          }
        },
        "line": 15
      }
    },
    "branchMap": {},
    "s": {
      "0": 8,
      "1": 8
    },
    "f": {
      "0": 8
    },
    "b": {},
    "inputSourceMap": {
      "version": 3,
      "mappings": "AAAA,SAASA,sBAAsB;AAC/B,SAASC,mBAAmB;AAC5B,SAASC,wBAAwB;AACjC,SAASC,iBAAiB;AAC1B,SAASC,gBAAgB;AACzB,SAASC,kBAAkB;AAIpB,aAAMC,QAAQN,eAAe;AAAA,EAClCO,SAAS;AAAA,IACPC,aAAaN,iBAAiBK;AAAAA,IAC9BE,QAAQR,YAAYM;AAAAA,IACpBG,MAAMP,UAAUI;AAAAA,IAChBI,WAAWN,WAAWE;AAAAA,IACtB,CAACH,SAASQ,WAAW,GAAGR,SAASG;AAAAA,EACnC;AAAA,EAEAM,YAAaC,0BACXA,qBAAqB;AAAA,IACnBC,mBAAmB;AAAA,EACrB,CAAC,EAAEC,OAAOZ,SAASS,UAAU;AACjC,CAAC",
      "names": [
        "configureStore",
        "searchSlice",
        "headerTitleSlice",
        "formSlice",
        "apiSlice",
        "modalSlice",
        "store",
        "reducer",
        "headerTitle",
        "search",
        "form",
        "mainModal",
        "reducerPath",
        "middleware",
        "getDefaultMiddleware",
        "serializableCheck",
        "concat"
      ],
      "sources": [
        "C:/Users/LoginamNet/Desktop/rsschool-react/src/store.tsx"
      ],
      "file": "C:/Users/LoginamNet/Desktop/rsschool-react/src/store.tsx"
    },
    "_coverageSchema": "1a1c01bbd47fc00a2c39e90264f33305004495a9",
    "hash": "d37123b991cbaa190abc7b11da0295ee623b941d"
  },
  "C:/Users/LoginamNet/Desktop/rsschool-react/src/components/layout/Header.tsx": {
    "path": "C:/Users/LoginamNet/Desktop/rsschool-react/src/components/layout/Header.tsx",
    "statementMap": {
      "0": {
        "start": {
          "line": 5,
          "column": 0
        },
        "end": {
          "line": 15,
          "column": 1
        }
      },
      "1": {
        "start": {
          "line": 6,
          "column": 2
        },
        "end": {
          "line": 8,
          "column": 3
        }
      },
      "2": {
        "start": {
          "line": 7,
          "column": 4
        },
        "end": {
          "line": 7,
          "column": 165
        }
      },
      "3": {
        "start": {
          "line": 9,
          "column": 2
        },
        "end": {
          "line": 9,
          "column": 39
        }
      },
      "4": {
        "start": {
          "line": 10,
          "column": 2
        },
        "end": {
          "line": 10,
          "column": 39
        }
      },
      "5": {
        "start": {
          "line": 11,
          "column": 2
        },
        "end": {
          "line": 13,
          "column": 4
        }
      },
      "6": {
        "start": {
          "line": 12,
          "column": 4
        },
        "end": {
          "line": 12,
          "column": 119
        }
      },
      "7": {
        "start": {
          "line": 14,
          "column": 2
        },
        "end": {
          "line": 14,
          "column": 75
        }
      },
      "8": {
        "start": {
          "line": 16,
          "column": 9
        },
        "end": {
          "line": 16,
          "column": 23
        }
      },
      "9": {
        "start": {
          "line": 20,
          "column": 2
        },
        "end": {
          "line": 20,
          "column": 7
        }
      },
      "10": {
        "start": {
          "line": 21,
          "column": 22
        },
        "end": {
          "line": 21,
          "column": 81
        }
      },
      "11": {
        "start": {
          "line": 21,
          "column": 45
        },
        "end": {
          "line": 21,
          "column": 80
        }
      },
      "12": {
        "start": {
          "line": 22,
          "column": 2
        },
        "end": {
          "line": 57,
          "column": 11
        }
      },
      "13": {
        "start": {
          "line": 59,
          "column": 0
        },
        "end": {
          "line": 61,
          "column": 3
        }
      },
      "14": {
        "start": {
          "line": 60,
          "column": 2
        },
        "end": {
          "line": 60,
          "column": 23
        }
      },
      "15": {
        "start": {
          "line": 62,
          "column": 0
        },
        "end": {
          "line": 62,
          "column": 12
        }
      },
      "16": {
        "start": {
          "line": 64,
          "column": 0
        },
        "end": {
          "line": 64,
          "column": 27
        }
      },
      "17": {
        "start": {
          "line": 65,
          "column": 0
        },
        "end": {
          "line": 81,
          "column": 1
        }
      },
      "18": {
        "start": {
          "line": 66,
          "column": 2
        },
        "end": {
          "line": 66,
          "column": 39
        }
      },
      "19": {
        "start": {
          "line": 67,
          "column": 2
        },
        "end": {
          "line": 67,
          "column": 39
        }
      },
      "20": {
        "start": {
          "line": 68,
          "column": 2
        },
        "end": {
          "line": 80,
          "column": 5
        }
      },
      "21": {
        "start": {
          "line": 72,
          "column": 4
        },
        "end": {
          "line": 72,
          "column": 145
        }
      },
      "22": {
        "start": {
          "line": 73,
          "column": 4
        },
        "end": {
          "line": 79,
          "column": 7
        }
      },
      "23": {
        "start": {
          "line": 74,
          "column": 6
        },
        "end": {
          "line": 75,
          "column": 15
        }
      },
      "24": {
        "start": {
          "line": 75,
          "column": 8
        },
        "end": {
          "line": 75,
          "column": 15
        }
      },
      "25": {
        "start": {
          "line": 76,
          "column": 32
        },
        "end": {
          "line": 76,
          "column": 115
        }
      },
      "26": {
        "start": {
          "line": 77,
          "column": 6
        },
        "end": {
          "line": 78,
          "column": 54
        }
      },
      "27": {
        "start": {
          "line": 78,
          "column": 8
        },
        "end": {
          "line": 78,
          "column": 54
        }
      }
    },
    "fnMap": {
      "0": {
        "name": "(anonymous_0)",
        "decl": {
          "start": {
            "line": 11,
            "column": 24
          },
          "end": {
            "line": 11,
            "column": 25
          }
        },
        "loc": {
          "start": {
            "line": 11,
            "column": 38
          },
          "end": {
            "line": 13,
            "column": 3
          }
        },
        "line": 11
      },
      "1": {
        "name": "Header",
        "decl": {
          "start": {
            "line": 19,
            "column": 16
          },
          "end": {
            "line": 19,
            "column": 22
          }
        },
        "loc": {
          "start": {
            "line": 19,
            "column": 25
          },
          "end": {
            "line": 58,
            "column": 1
          }
        },
        "line": 19
      },
      "2": {
        "name": "(anonymous_2)",
        "decl": {
          "start": {
            "line": 21,
            "column": 34
          },
          "end": {
            "line": 21,
            "column": 35
          }
        },
        "loc": {
          "start": {
            "line": 21,
            "column": 45
          },
          "end": {
            "line": 21,
            "column": 80
          }
        },
        "line": 21
      },
      "3": {
        "name": "(anonymous_3)",
        "decl": {
          "start": {
            "line": 59,
            "column": 50
          },
          "end": {
            "line": 59,
            "column": 51
          }
        },
        "loc": {
          "start": {
            "line": 59,
            "column": 61
          },
          "end": {
            "line": 61,
            "column": 1
          }
        },
        "line": 59
      },
      "4": {
        "name": "(anonymous_4)",
        "decl": {
          "start": {
            "line": 71,
            "column": 9
          },
          "end": {
            "line": 71,
            "column": 10
          }
        },
        "loc": {
          "start": {
            "line": 71,
            "column": 29
          },
          "end": {
            "line": 80,
            "column": 3
          }
        },
        "line": 71
      },
      "5": {
        "name": "(anonymous_5)",
        "decl": {
          "start": {
            "line": 73,
            "column": 27
          },
          "end": {
            "line": 73,
            "column": 28
          }
        },
        "loc": {
          "start": {
            "line": 73,
            "column": 44
          },
          "end": {
            "line": 79,
            "column": 5
          }
        },
        "line": 73
      }
    },
    "branchMap": {
      "0": {
        "loc": {
          "start": {
            "line": 5,
            "column": 0
          },
          "end": {
            "line": 15,
            "column": 1
          }
        },
        "type": "if",
        "locations": [
          {
            "start": {
              "line": 5,
              "column": 0
            },
            "end": {
              "line": 15,
              "column": 1
            }
          },
          {
            "start": {},
            "end": {}
          }
        ],
        "line": 5
      },
      "1": {
        "loc": {
          "start": {
            "line": 6,
            "column": 2
          },
          "end": {
            "line": 8,
            "column": 3
          }
        },
        "type": "if",
        "locations": [
          {
            "start": {
              "line": 6,
              "column": 2
            },
            "end": {
              "line": 8,
              "column": 3
            }
          },
          {
            "start": {},
            "end": {}
          }
        ],
        "line": 6
      },
      "2": {
        "loc": {
          "start": {
            "line": 65,
            "column": 0
          },
          "end": {
            "line": 81,
            "column": 1
          }
        },
        "type": "if",
        "locations": [
          {
            "start": {
              "line": 65,
              "column": 0
            },
            "end": {
              "line": 81,
              "column": 1
            }
          },
          {
            "start": {},
            "end": {}
          }
        ],
        "line": 65
      },
      "3": {
        "loc": {
          "start": {
            "line": 74,
            "column": 6
          },
          "end": {
            "line": 75,
            "column": 15
          }
        },
        "type": "if",
        "locations": [
          {
            "start": {
              "line": 74,
              "column": 6
            },
            "end": {
              "line": 75,
              "column": 15
            }
          },
          {
            "start": {},
            "end": {}
          }
        ],
        "line": 74
      },
      "4": {
        "loc": {
          "start": {
            "line": 77,
            "column": 6
          },
          "end": {
            "line": 78,
            "column": 54
          }
        },
        "type": "if",
        "locations": [
          {
            "start": {
              "line": 77,
              "column": 6
            },
            "end": {
              "line": 78,
              "column": 54
            }
          },
          {
            "start": {},
            "end": {}
          }
        ],
        "line": 77
      }
    },
    "s": {
      "0": 8,
      "1": 8,
      "2": 0,
      "3": 8,
      "4": 8,
      "5": 8,
      "6": 8,
      "7": 8,
      "8": 8,
      "9": 32,
      "10": 32,
      "11": 58,
      "12": 32,
      "13": 8,
      "14": 8,
      "15": 8,
      "16": 8,
      "17": 8,
      "18": 8,
      "19": 8,
      "20": 8,
      "21": 8,
      "22": 8,
      "23": 0,
      "24": 0,
      "25": 0,
      "26": 0,
      "27": 0
    },
    "f": {
      "0": 8,
      "1": 32,
      "2": 58,
      "3": 8,
      "4": 8,
      "5": 0
    },
    "b": {
      "0": [
        8,
        0
      ],
      "1": [
        0,
        8
      ],
      "2": [
        8,
        0
      ],
      "3": [
        0,
        0
      ],
      "4": [
        0,
        0
      ]
    },
    "inputSourceMap": {
      "version": 3,
      "mappings": "AAYQ;;;;;;;;;;;;;;;;AAXR,SAASA,eAAe;AACxB,SAASC,mBAAmB;AAIrB,gBAASC,SAAS;AAAAC;AACvB,QAAMC,cAAcH,YAAY,CAACI,UAAqBA,MAAMD,YAAYE,MAAMF,WAAW;AAEzF,SACE,uBAAC,YAAO,MAAK,UACX,iCAAC,SAAI,WAAU,mBACb;AAAA,2BAAC,UAAK,WAAU,eAAc,MAAK,eAChCA,yBADH;AAAA;AAAA;AAAA;AAAA,WAEA;AAAA,IACA,uBAAC,SAAI,WAAU,cACb;AAAA,6BAAC,WAAQ,IAAG,KAAI,oBAAhB;AAAA;AAAA;AAAA;AAAA,aAAoB;AAAA,MACpB,uBAAC,WAAQ,IAAG,UAAS,wBAArB;AAAA;AAAA;AAAA;AAAA,aAA6B;AAAA,MAC7B,uBAAC,WAAQ,IAAG,SAAQ,oBAApB;AAAA;AAAA;AAAA;AAAA,aAAwB;AAAA,SAH1B;AAAA;AAAA;AAAA;AAAA,WAIA;AAAA,OARF;AAAA;AAAA;AAAA;AAAA,SASA,KAVF;AAAA;AAAA;AAAA;AAAA,SAWA;AAEJ;AAACD,GAjBeD,QAAM;AAAA,UACAD,WAAW;AAAA;AAAAM,KADjBL;AAAM;AAAAM",
      "names": [
        "NavLink",
        "useSelector",
        "Header",
        "_s",
        "headerTitle",
        "state",
        "value",
        "_c",
        "$RefreshReg$"
      ],
      "sources": [
        "C:/Users/LoginamNet/Desktop/rsschool-react/src/components/layout/Header.tsx"
      ],
      "file": "C:/Users/LoginamNet/Desktop/rsschool-react/src/components/layout/Header.tsx"
    },
    "_coverageSchema": "1a1c01bbd47fc00a2c39e90264f33305004495a9",
    "hash": "40d7a62e836325705d2ea21af928dbba8a452831"
  },
  "C:/Users/LoginamNet/Desktop/rsschool-react/src/components/layout/Footer.tsx": {
    "path": "C:/Users/LoginamNet/Desktop/rsschool-react/src/components/layout/Footer.tsx",
    "statementMap": {
      "0": {
        "start": {
          "line": 5,
          "column": 0
        },
        "end": {
          "line": 15,
          "column": 1
        }
      },
      "1": {
        "start": {
          "line": 6,
          "column": 2
        },
        "end": {
          "line": 8,
          "column": 3
        }
      },
      "2": {
        "start": {
          "line": 7,
          "column": 4
        },
        "end": {
          "line": 7,
          "column": 165
        }
      },
      "3": {
        "start": {
          "line": 9,
          "column": 2
        },
        "end": {
          "line": 9,
          "column": 39
        }
      },
      "4": {
        "start": {
          "line": 10,
          "column": 2
        },
        "end": {
          "line": 10,
          "column": 39
        }
      },
      "5": {
        "start": {
          "line": 11,
          "column": 2
        },
        "end": {
          "line": 13,
          "column": 4
        }
      },
      "6": {
        "start": {
          "line": 12,
          "column": 4
        },
        "end": {
          "line": 12,
          "column": 119
        }
      },
      "7": {
        "start": {
          "line": 14,
          "column": 2
        },
        "end": {
          "line": 14,
          "column": 75
        }
      },
      "8": {
        "start": {
          "line": 17,
          "column": 2
        },
        "end": {
          "line": 21,
          "column": 11
        }
      },
      "9": {
        "start": {
          "line": 23,
          "column": 0
        },
        "end": {
          "line": 23,
          "column": 12
        }
      },
      "10": {
        "start": {
          "line": 25,
          "column": 0
        },
        "end": {
          "line": 25,
          "column": 27
        }
      },
      "11": {
        "start": {
          "line": 26,
          "column": 0
        },
        "end": {
          "line": 42,
          "column": 1
        }
      },
      "12": {
        "start": {
          "line": 27,
          "column": 2
        },
        "end": {
          "line": 27,
          "column": 39
        }
      },
      "13": {
        "start": {
          "line": 28,
          "column": 2
        },
        "end": {
          "line": 28,
          "column": 39
        }
      },
      "14": {
        "start": {
          "line": 29,
          "column": 2
        },
        "end": {
          "line": 41,
          "column": 5
        }
      },
      "15": {
        "start": {
          "line": 33,
          "column": 4
        },
        "end": {
          "line": 33,
          "column": 145
        }
      },
      "16": {
        "start": {
          "line": 34,
          "column": 4
        },
        "end": {
          "line": 40,
          "column": 7
        }
      },
      "17": {
        "start": {
          "line": 35,
          "column": 6
        },
        "end": {
          "line": 36,
          "column": 15
        }
      },
      "18": {
        "start": {
          "line": 36,
          "column": 8
        },
        "end": {
          "line": 36,
          "column": 15
        }
      },
      "19": {
        "start": {
          "line": 37,
          "column": 32
        },
        "end": {
          "line": 37,
          "column": 115
        }
      },
      "20": {
        "start": {
          "line": 38,
          "column": 6
        },
        "end": {
          "line": 39,
          "column": 54
        }
      },
      "21": {
        "start": {
          "line": 39,
          "column": 8
        },
        "end": {
          "line": 39,
          "column": 54
        }
      }
    },
    "fnMap": {
      "0": {
        "name": "(anonymous_0)",
        "decl": {
          "start": {
            "line": 11,
            "column": 24
          },
          "end": {
            "line": 11,
            "column": 25
          }
        },
        "loc": {
          "start": {
            "line": 11,
            "column": 38
          },
          "end": {
            "line": 13,
            "column": 3
          }
        },
        "line": 11
      },
      "1": {
        "name": "Footer",
        "decl": {
          "start": {
            "line": 16,
            "column": 16
          },
          "end": {
            "line": 16,
            "column": 22
          }
        },
        "loc": {
          "start": {
            "line": 16,
            "column": 25
          },
          "end": {
            "line": 22,
            "column": 1
          }
        },
        "line": 16
      },
      "2": {
        "name": "(anonymous_2)",
        "decl": {
          "start": {
            "line": 32,
            "column": 9
          },
          "end": {
            "line": 32,
            "column": 10
          }
        },
        "loc": {
          "start": {
            "line": 32,
            "column": 29
          },
          "end": {
            "line": 41,
            "column": 3
          }
        },
        "line": 32
      },
      "3": {
        "name": "(anonymous_3)",
        "decl": {
          "start": {
            "line": 34,
            "column": 27
          },
          "end": {
            "line": 34,
            "column": 28
          }
        },
        "loc": {
          "start": {
            "line": 34,
            "column": 44
          },
          "end": {
            "line": 40,
            "column": 5
          }
        },
        "line": 34
      }
    },
    "branchMap": {
      "0": {
        "loc": {
          "start": {
            "line": 5,
            "column": 0
          },
          "end": {
            "line": 15,
            "column": 1
          }
        },
        "type": "if",
        "locations": [
          {
            "start": {
              "line": 5,
              "column": 0
            },
            "end": {
              "line": 15,
              "column": 1
            }
          },
          {
            "start": {},
            "end": {}
          }
        ],
        "line": 5
      },
      "1": {
        "loc": {
          "start": {
            "line": 6,
            "column": 2
          },
          "end": {
            "line": 8,
            "column": 3
          }
        },
        "type": "if",
        "locations": [
          {
            "start": {
              "line": 6,
              "column": 2
            },
            "end": {
              "line": 8,
              "column": 3
            }
          },
          {
            "start": {},
            "end": {}
          }
        ],
        "line": 6
      },
      "2": {
        "loc": {
          "start": {
            "line": 26,
            "column": 0
          },
          "end": {
            "line": 42,
            "column": 1
          }
        },
        "type": "if",
        "locations": [
          {
            "start": {
              "line": 26,
              "column": 0
            },
            "end": {
              "line": 42,
              "column": 1
            }
          },
          {
            "start": {},
            "end": {}
          }
        ],
        "line": 26
      },
      "3": {
        "loc": {
          "start": {
            "line": 35,
            "column": 6
          },
          "end": {
            "line": 36,
            "column": 15
          }
        },
        "type": "if",
        "locations": [
          {
            "start": {
              "line": 35,
              "column": 6
            },
            "end": {
              "line": 36,
              "column": 15
            }
          },
          {
            "start": {},
            "end": {}
          }
        ],
        "line": 35
      },
      "4": {
        "loc": {
          "start": {
            "line": 38,
            "column": 6
          },
          "end": {
            "line": 39,
            "column": 54
          }
        },
        "type": "if",
        "locations": [
          {
            "start": {
              "line": 38,
              "column": 6
            },
            "end": {
              "line": 39,
              "column": 54
            }
          },
          {
            "start": {},
            "end": {}
          }
        ],
        "line": 38
      }
    },
    "s": {
      "0": 8,
      "1": 8,
      "2": 0,
      "3": 8,
      "4": 8,
      "5": 8,
      "6": 8,
      "7": 8,
      "8": 16,
      "9": 8,
      "10": 8,
      "11": 8,
      "12": 8,
      "13": 8,
      "14": 8,
      "15": 8,
      "16": 8,
      "17": 0,
      "18": 0,
      "19": 0,
      "20": 0,
      "21": 0
    },
    "f": {
      "0": 8,
      "1": 16,
      "2": 8,
      "3": 0
    },
    "b": {
      "0": [
        8,
        0
      ],
      "1": [
        0,
        8
      ],
      "2": [
        8,
        0
      ],
      "3": [
        0,
        0
      ],
      "4": [
        0,
        0
      ]
    },
    "inputSourceMap": {
      "version": 3,
      "mappings": "AAGS;AAHT,OAAOA,oBAAkB;AAAA;AAAA;AAAA;AAAA;AAAA;AAAA;AAAA;AAAA;AAAA;AAAA;AAAA;AAAA;AAAA;AAElB,gBAASC,SAAS;AACvB,SAAO,uBAAC,YAAO,MAAK,UAAS,oBAAtB;AAAA;AAAA;AAAA;AAAA,SAA0B;AACnC;AAACC,KAFeD;AAAM;AAAAE",
      "names": [
        "React",
        "Footer",
        "_c",
        "$RefreshReg$"
      ],
      "sources": [
        "C:/Users/LoginamNet/Desktop/rsschool-react/src/components/layout/Footer.tsx"
      ],
      "file": "C:/Users/LoginamNet/Desktop/rsschool-react/src/components/layout/Footer.tsx"
    },
    "_coverageSchema": "1a1c01bbd47fc00a2c39e90264f33305004495a9",
    "hash": "2b980fadce75a70fbb2f6e2555297504be37366a"
  },
  "C:/Users/LoginamNet/Desktop/rsschool-react/src/components/layout/Layout.tsx": {
    "path": "C:/Users/LoginamNet/Desktop/rsschool-react/src/components/layout/Layout.tsx",
    "statementMap": {
      "0": {
        "start": {
          "line": 5,
          "column": 0
        },
        "end": {
          "line": 15,
          "column": 1
        }
      },
      "1": {
        "start": {
          "line": 6,
          "column": 2
        },
        "end": {
          "line": 8,
          "column": 3
        }
      },
      "2": {
        "start": {
          "line": 7,
          "column": 4
        },
        "end": {
          "line": 7,
          "column": 165
        }
      },
      "3": {
        "start": {
          "line": 9,
          "column": 2
        },
        "end": {
          "line": 9,
          "column": 39
        }
      },
      "4": {
        "start": {
          "line": 10,
          "column": 2
        },
        "end": {
          "line": 10,
          "column": 39
        }
      },
      "5": {
        "start": {
          "line": 11,
          "column": 2
        },
        "end": {
          "line": 13,
          "column": 4
        }
      },
      "6": {
        "start": {
          "line": 12,
          "column": 4
        },
        "end": {
          "line": 12,
          "column": 119
        }
      },
      "7": {
        "start": {
          "line": 14,
          "column": 2
        },
        "end": {
          "line": 14,
          "column": 75
        }
      },
      "8": {
        "start": {
          "line": 22,
          "column": 2
        },
        "end": {
          "line": 50,
          "column": 11
        }
      },
      "9": {
        "start": {
          "line": 52,
          "column": 0
        },
        "end": {
          "line": 52,
          "column": 12
        }
      },
      "10": {
        "start": {
          "line": 54,
          "column": 0
        },
        "end": {
          "line": 54,
          "column": 27
        }
      },
      "11": {
        "start": {
          "line": 55,
          "column": 0
        },
        "end": {
          "line": 71,
          "column": 1
        }
      },
      "12": {
        "start": {
          "line": 56,
          "column": 2
        },
        "end": {
          "line": 56,
          "column": 39
        }
      },
      "13": {
        "start": {
          "line": 57,
          "column": 2
        },
        "end": {
          "line": 57,
          "column": 39
        }
      },
      "14": {
        "start": {
          "line": 58,
          "column": 2
        },
        "end": {
          "line": 70,
          "column": 5
        }
      },
      "15": {
        "start": {
          "line": 62,
          "column": 4
        },
        "end": {
          "line": 62,
          "column": 145
        }
      },
      "16": {
        "start": {
          "line": 63,
          "column": 4
        },
        "end": {
          "line": 69,
          "column": 7
        }
      },
      "17": {
        "start": {
          "line": 64,
          "column": 6
        },
        "end": {
          "line": 65,
          "column": 15
        }
      },
      "18": {
        "start": {
          "line": 65,
          "column": 8
        },
        "end": {
          "line": 65,
          "column": 15
        }
      },
      "19": {
        "start": {
          "line": 66,
          "column": 32
        },
        "end": {
          "line": 66,
          "column": 115
        }
      },
      "20": {
        "start": {
          "line": 67,
          "column": 6
        },
        "end": {
          "line": 68,
          "column": 54
        }
      },
      "21": {
        "start": {
          "line": 68,
          "column": 8
        },
        "end": {
          "line": 68,
          "column": 54
        }
      }
    },
    "fnMap": {
      "0": {
        "name": "(anonymous_0)",
        "decl": {
          "start": {
            "line": 11,
            "column": 24
          },
          "end": {
            "line": 11,
            "column": 25
          }
        },
        "loc": {
          "start": {
            "line": 11,
            "column": 38
          },
          "end": {
            "line": 13,
            "column": 3
          }
        },
        "line": 11
      },
      "1": {
        "name": "Layout",
        "decl": {
          "start": {
            "line": 21,
            "column": 16
          },
          "end": {
            "line": 21,
            "column": 22
          }
        },
        "loc": {
          "start": {
            "line": 21,
            "column": 25
          },
          "end": {
            "line": 51,
            "column": 1
          }
        },
        "line": 21
      },
      "2": {
        "name": "(anonymous_2)",
        "decl": {
          "start": {
            "line": 61,
            "column": 9
          },
          "end": {
            "line": 61,
            "column": 10
          }
        },
        "loc": {
          "start": {
            "line": 61,
            "column": 29
          },
          "end": {
            "line": 70,
            "column": 3
          }
        },
        "line": 61
      },
      "3": {
        "name": "(anonymous_3)",
        "decl": {
          "start": {
            "line": 63,
            "column": 27
          },
          "end": {
            "line": 63,
            "column": 28
          }
        },
        "loc": {
          "start": {
            "line": 63,
            "column": 44
          },
          "end": {
            "line": 69,
            "column": 5
          }
        },
        "line": 63
      }
    },
    "branchMap": {
      "0": {
        "loc": {
          "start": {
            "line": 5,
            "column": 0
          },
          "end": {
            "line": 15,
            "column": 1
          }
        },
        "type": "if",
        "locations": [
          {
            "start": {
              "line": 5,
              "column": 0
            },
            "end": {
              "line": 15,
              "column": 1
            }
          },
          {
            "start": {},
            "end": {}
          }
        ],
        "line": 5
      },
      "1": {
        "loc": {
          "start": {
            "line": 6,
            "column": 2
          },
          "end": {
            "line": 8,
            "column": 3
          }
        },
        "type": "if",
        "locations": [
          {
            "start": {
              "line": 6,
              "column": 2
            },
            "end": {
              "line": 8,
              "column": 3
            }
          },
          {
            "start": {},
            "end": {}
          }
        ],
        "line": 6
      },
      "2": {
        "loc": {
          "start": {
            "line": 55,
            "column": 0
          },
          "end": {
            "line": 71,
            "column": 1
          }
        },
        "type": "if",
        "locations": [
          {
            "start": {
              "line": 55,
              "column": 0
            },
            "end": {
              "line": 71,
              "column": 1
            }
          },
          {
            "start": {},
            "end": {}
          }
        ],
        "line": 55
      },
      "3": {
        "loc": {
          "start": {
            "line": 64,
            "column": 6
          },
          "end": {
            "line": 65,
            "column": 15
          }
        },
        "type": "if",
        "locations": [
          {
            "start": {
              "line": 64,
              "column": 6
            },
            "end": {
              "line": 65,
              "column": 15
            }
          },
          {
            "start": {},
            "end": {}
          }
        ],
        "line": 64
      },
      "4": {
        "loc": {
          "start": {
            "line": 67,
            "column": 6
          },
          "end": {
            "line": 68,
            "column": 54
          }
        },
        "type": "if",
        "locations": [
          {
            "start": {
              "line": 67,
              "column": 6
            },
            "end": {
              "line": 68,
              "column": 54
            }
          },
          {
            "start": {},
            "end": {}
          }
        ],
        "line": 67
      }
    },
    "s": {
      "0": 8,
      "1": 8,
      "2": 0,
      "3": 8,
      "4": 8,
      "5": 8,
      "6": 8,
      "7": 8,
      "8": 16,
      "9": 8,
      "10": 8,
      "11": 8,
      "12": 8,
      "13": 8,
      "14": 8,
      "15": 8,
      "16": 8,
      "17": 0,
      "18": 0,
      "19": 0,
      "20": 0,
      "21": 0
    },
    "f": {
      "0": 8,
      "1": 16,
      "2": 8,
      "3": 0
    },
    "b": {
      "0": [
        8,
        0
      ],
      "1": [
        0,
        8
      ],
      "2": [
        8,
        0
      ],
      "3": [
        0,
        0
      ],
      "4": [
        0,
        0
      ]
    },
    "inputSourceMap": {
      "version": 3,
      "mappings": "AAUI,mBACE,cADF;AAVJ,OAAOA,oBAAkB;AAAA;AAAA;AAAA;AAAA;AAAA;AAAA;AAAA;AAAA;AAAA;AAAA;AAAA;AAAA;AAAA;AACzB,OAAO;AACP,OAAO;AAEP,SAASC,cAAc;AACvB,SAASC,cAAc;AACvB,SAASC,cAAc;AAEhB,gBAASC,SAAS;AACvB,SACE,mCACE;AAAA,2BAAC,YAAD;AAAA;AAAA;AAAA;AAAA,WAAO;AAAA,IAEP,uBAAC,UACC,iCAAC,SAAI,WAAU,iBACb,iCAAC,YAAD;AAAA;AAAA;AAAA;AAAA,WAAO,KADT;AAAA;AAAA;AAAA;AAAA,WAEA,KAHF;AAAA;AAAA;AAAA;AAAA,WAIA;AAAA,IAEA,uBAAC,YAAD;AAAA;AAAA;AAAA;AAAA,WAAO;AAAA,OATT;AAAA;AAAA;AAAA;AAAA,SAUA;AAEJ;AAACC,KAdeD;AAAM;AAAAE",
      "names": [
        "React",
        "Header",
        "Outlet",
        "Footer",
        "Layout",
        "_c",
        "$RefreshReg$"
      ],
      "sources": [
        "C:/Users/LoginamNet/Desktop/rsschool-react/src/components/layout/Layout.tsx"
      ],
      "file": "C:/Users/LoginamNet/Desktop/rsschool-react/src/components/layout/Layout.tsx"
    },
    "_coverageSchema": "1a1c01bbd47fc00a2c39e90264f33305004495a9",
    "hash": "598014139d1ffc0ae16ff3738fce487227586208"
  },
  "C:/Users/LoginamNet/Desktop/rsschool-react/src/components/search/Search.tsx": {
    "path": "C:/Users/LoginamNet/Desktop/rsschool-react/src/components/search/Search.tsx",
    "statementMap": {
      "0": {
        "start": {
          "line": 5,
          "column": 0
        },
        "end": {
          "line": 15,
          "column": 1
        }
      },
      "1": {
        "start": {
          "line": 6,
          "column": 2
        },
        "end": {
          "line": 8,
          "column": 3
        }
      },
      "2": {
        "start": {
          "line": 7,
          "column": 4
        },
        "end": {
          "line": 7,
          "column": 165
        }
      },
      "3": {
        "start": {
          "line": 9,
          "column": 2
        },
        "end": {
          "line": 9,
          "column": 39
        }
      },
      "4": {
        "start": {
          "line": 10,
          "column": 2
        },
        "end": {
          "line": 10,
          "column": 39
        }
      },
      "5": {
        "start": {
          "line": 11,
          "column": 2
        },
        "end": {
          "line": 13,
          "column": 4
        }
      },
      "6": {
        "start": {
          "line": 12,
          "column": 4
        },
        "end": {
          "line": 12,
          "column": 119
        }
      },
      "7": {
        "start": {
          "line": 14,
          "column": 2
        },
        "end": {
          "line": 14,
          "column": 75
        }
      },
      "8": {
        "start": {
          "line": 16,
          "column": 9
        },
        "end": {
          "line": 16,
          "column": 23
        }
      },
      "9": {
        "start": {
          "line": 22,
          "column": 2
        },
        "end": {
          "line": 22,
          "column": 7
        }
      },
      "10": {
        "start": {
          "line": 23,
          "column": 28
        },
        "end": {
          "line": 23,
          "column": 40
        }
      },
      "11": {
        "start": {
          "line": 24,
          "column": 19
        },
        "end": {
          "line": 24,
          "column": 32
        }
      },
      "12": {
        "start": {
          "line": 25,
          "column": 17
        },
        "end": {
          "line": 25,
          "column": 66
        }
      },
      "13": {
        "start": {
          "line": 25,
          "column": 40
        },
        "end": {
          "line": 25,
          "column": 65
        }
      },
      "14": {
        "start": {
          "line": 26,
          "column": 2
        },
        "end": {
          "line": 47,
          "column": 11
        }
      },
      "15": {
        "start": {
          "line": 28,
          "column": 6
        },
        "end": {
          "line": 28,
          "column": 35
        }
      },
      "16": {
        "start": {
          "line": 30,
          "column": 6
        },
        "end": {
          "line": 32,
          "column": 7
        }
      },
      "17": {
        "start": {
          "line": 31,
          "column": 8
        },
        "end": {
          "line": 31,
          "column": 35
        }
      },
      "18": {
        "start": {
          "line": 38,
          "column": 81
        },
        "end": {
          "line": 38,
          "column": 107
        }
      },
      "19": {
        "start": {
          "line": 49,
          "column": 0
        },
        "end": {
          "line": 51,
          "column": 3
        }
      },
      "20": {
        "start": {
          "line": 50,
          "column": 2
        },
        "end": {
          "line": 50,
          "column": 36
        }
      },
      "21": {
        "start": {
          "line": 52,
          "column": 0
        },
        "end": {
          "line": 52,
          "column": 12
        }
      },
      "22": {
        "start": {
          "line": 54,
          "column": 0
        },
        "end": {
          "line": 54,
          "column": 27
        }
      },
      "23": {
        "start": {
          "line": 55,
          "column": 0
        },
        "end": {
          "line": 71,
          "column": 1
        }
      },
      "24": {
        "start": {
          "line": 56,
          "column": 2
        },
        "end": {
          "line": 56,
          "column": 39
        }
      },
      "25": {
        "start": {
          "line": 57,
          "column": 2
        },
        "end": {
          "line": 57,
          "column": 39
        }
      },
      "26": {
        "start": {
          "line": 58,
          "column": 2
        },
        "end": {
          "line": 70,
          "column": 5
        }
      },
      "27": {
        "start": {
          "line": 62,
          "column": 4
        },
        "end": {
          "line": 62,
          "column": 145
        }
      },
      "28": {
        "start": {
          "line": 63,
          "column": 4
        },
        "end": {
          "line": 69,
          "column": 7
        }
      },
      "29": {
        "start": {
          "line": 64,
          "column": 6
        },
        "end": {
          "line": 65,
          "column": 15
        }
      },
      "30": {
        "start": {
          "line": 65,
          "column": 8
        },
        "end": {
          "line": 65,
          "column": 15
        }
      },
      "31": {
        "start": {
          "line": 66,
          "column": 32
        },
        "end": {
          "line": 66,
          "column": 115
        }
      },
      "32": {
        "start": {
          "line": 67,
          "column": 6
        },
        "end": {
          "line": 68,
          "column": 54
        }
      },
      "33": {
        "start": {
          "line": 68,
          "column": 8
        },
        "end": {
          "line": 68,
          "column": 54
        }
      }
    },
    "fnMap": {
      "0": {
        "name": "(anonymous_0)",
        "decl": {
          "start": {
            "line": 11,
            "column": 24
          },
          "end": {
            "line": 11,
            "column": 25
          }
        },
        "loc": {
          "start": {
            "line": 11,
            "column": 38
          },
          "end": {
            "line": 13,
            "column": 3
          }
        },
        "line": 11
      },
      "1": {
        "name": "Search",
        "decl": {
          "start": {
            "line": 21,
            "column": 16
          },
          "end": {
            "line": 21,
            "column": 22
          }
        },
        "loc": {
          "start": {
            "line": 21,
            "column": 25
          },
          "end": {
            "line": 48,
            "column": 1
          }
        },
        "line": 21
      },
      "2": {
        "name": "(anonymous_2)",
        "decl": {
          "start": {
            "line": 25,
            "column": 29
          },
          "end": {
            "line": 25,
            "column": 30
          }
        },
        "loc": {
          "start": {
            "line": 25,
            "column": 40
          },
          "end": {
            "line": 25,
            "column": 65
          }
        },
        "line": 25
      },
      "3": {
        "name": "(anonymous_3)",
        "decl": {
          "start": {
            "line": 27,
            "column": 168
          },
          "end": {
            "line": 27,
            "column": 169
          }
        },
        "loc": {
          "start": {
            "line": 27,
            "column": 179
          },
          "end": {
            "line": 29,
            "column": 5
          }
        },
        "line": 27
      },
      "4": {
        "name": "(anonymous_4)",
        "decl": {
          "start": {
            "line": 29,
            "column": 18
          },
          "end": {
            "line": 29,
            "column": 19
          }
        },
        "loc": {
          "start": {
            "line": 29,
            "column": 29
          },
          "end": {
            "line": 33,
            "column": 5
          }
        },
        "line": 29
      },
      "5": {
        "name": "(anonymous_5)",
        "decl": {
          "start": {
            "line": 38,
            "column": 75
          },
          "end": {
            "line": 38,
            "column": 76
          }
        },
        "loc": {
          "start": {
            "line": 38,
            "column": 81
          },
          "end": {
            "line": 38,
            "column": 107
          }
        },
        "line": 38
      },
      "6": {
        "name": "(anonymous_6)",
        "decl": {
          "start": {
            "line": 49,
            "column": 50
          },
          "end": {
            "line": 49,
            "column": 51
          }
        },
        "loc": {
          "start": {
            "line": 49,
            "column": 61
          },
          "end": {
            "line": 51,
            "column": 1
          }
        },
        "line": 49
      },
      "7": {
        "name": "(anonymous_7)",
        "decl": {
          "start": {
            "line": 61,
            "column": 9
          },
          "end": {
            "line": 61,
            "column": 10
          }
        },
        "loc": {
          "start": {
            "line": 61,
            "column": 29
          },
          "end": {
            "line": 70,
            "column": 3
          }
        },
        "line": 61
      },
      "8": {
        "name": "(anonymous_8)",
        "decl": {
          "start": {
            "line": 63,
            "column": 27
          },
          "end": {
            "line": 63,
            "column": 28
          }
        },
        "loc": {
          "start": {
            "line": 63,
            "column": 44
          },
          "end": {
            "line": 69,
            "column": 5
          }
        },
        "line": 63
      }
    },
    "branchMap": {
      "0": {
        "loc": {
          "start": {
            "line": 5,
            "column": 0
          },
          "end": {
            "line": 15,
            "column": 1
          }
        },
        "type": "if",
        "locations": [
          {
            "start": {
              "line": 5,
              "column": 0
            },
            "end": {
              "line": 15,
              "column": 1
            }
          },
          {
            "start": {},
            "end": {}
          }
        ],
        "line": 5
      },
      "1": {
        "loc": {
          "start": {
            "line": 6,
            "column": 2
          },
          "end": {
            "line": 8,
            "column": 3
          }
        },
        "type": "if",
        "locations": [
          {
            "start": {
              "line": 6,
              "column": 2
            },
            "end": {
              "line": 8,
              "column": 3
            }
          },
          {
            "start": {},
            "end": {}
          }
        ],
        "line": 6
      },
      "2": {
        "loc": {
          "start": {
            "line": 27,
            "column": 125
          },
          "end": {
            "line": 27,
            "column": 157
          }
        },
        "type": "cond-expr",
        "locations": [
          {
            "start": {
              "line": 27,
              "column": 146
            },
            "end": {
              "line": 27,
              "column": 152
            }
          },
          {
            "start": {
              "line": 27,
              "column": 155
            },
            "end": {
              "line": 27,
              "column": 157
            }
          }
        ],
        "line": 27
      },
      "3": {
        "loc": {
          "start": {
            "line": 30,
            "column": 6
          },
          "end": {
            "line": 32,
            "column": 7
          }
        },
        "type": "if",
        "locations": [
          {
            "start": {
              "line": 30,
              "column": 6
            },
            "end": {
              "line": 32,
              "column": 7
            }
          },
          {
            "start": {},
            "end": {}
          }
        ],
        "line": 30
      },
      "4": {
        "loc": {
          "start": {
            "line": 55,
            "column": 0
          },
          "end": {
            "line": 71,
            "column": 1
          }
        },
        "type": "if",
        "locations": [
          {
            "start": {
              "line": 55,
              "column": 0
            },
            "end": {
              "line": 71,
              "column": 1
            }
          },
          {
            "start": {},
            "end": {}
          }
        ],
        "line": 55
      },
      "5": {
        "loc": {
          "start": {
            "line": 64,
            "column": 6
          },
          "end": {
            "line": 65,
            "column": 15
          }
        },
        "type": "if",
        "locations": [
          {
            "start": {
              "line": 64,
              "column": 6
            },
            "end": {
              "line": 65,
              "column": 15
            }
          },
          {
            "start": {},
            "end": {}
          }
        ],
        "line": 64
      },
      "6": {
        "loc": {
          "start": {
            "line": 67,
            "column": 6
          },
          "end": {
            "line": 68,
            "column": 54
          }
        },
        "type": "if",
        "locations": [
          {
            "start": {
              "line": 67,
              "column": 6
            },
            "end": {
              "line": 68,
              "column": 54
            }
          },
          {
            "start": {},
            "end": {}
          }
        ],
        "line": 67
      }
    },
    "s": {
      "0": 8,
      "1": 8,
      "2": 0,
      "3": 8,
      "4": 8,
      "5": 8,
      "6": 8,
      "7": 8,
      "8": 8,
      "9": 4,
      "10": 4,
      "11": 4,
      "12": 4,
      "13": 11,
      "14": 4,
      "15": 0,
      "16": 0,
      "17": 0,
      "18": 0,
      "19": 8,
      "20": 1,
      "21": 8,
      "22": 8,
      "23": 8,
      "24": 8,
      "25": 8,
      "26": 8,
      "27": 8,
      "28": 8,
      "29": 0,
      "30": 0,
      "31": 0,
      "32": 0,
      "33": 0
    },
    "f": {
      "0": 8,
      "1": 4,
      "2": 11,
      "3": 0,
      "4": 0,
      "5": 0,
      "6": 1,
      "7": 8,
      "8": 0
    },
    "b": {
      "0": [
        8,
        0
      ],
      "1": [
        0,
        8
      ],
      "2": [
        0,
        4
      ],
      "3": [
        0,
        0
      ],
      "4": [
        8,
        0
      ],
      "5": [
        0,
        0
      ],
      "6": [
        0,
        0
      ]
    },
    "inputSourceMap": {
      "version": 3,
      "mappings": "AAeM;;;;;;;;;;;;;;;;AAfN,SAA6BA,gBAAgB;AAC7C,SAASC,aAAaC,mBAAmB;AACzC,SAASC,iBAAiB;AAC1B,OAAO;AAIA,gBAASC,SAAS;AAAAC;AACvB,QAAM,CAACC,OAAOC,QAAQ,IAAIP,SAAS,EAAE;AAErC,QAAMQ,WAAWP,YAAW;AAC5B,QAAMQ,SAASP,YAAY,CAACQ,UAAqBA,MAAMD,OAAOE,MAAMF,MAAM;AAE1E,SACE,uBAAC,SAAI,WAAU,mBACb;AAAA,2BAAC,WACC,WAAU,eACV,MAAK,QACL,aAAY,oBACZ,cAAcA,WAAW,UAAUA,SAAS,IAC5C,SAAS,CAACG,UAAyC;AACjDL,eAASK,MAAMC,OAAOF,KAAK;AAAA,IAC7B,GACA,WAAW,CAACC,UAAiD;AAC3D,UAAIA,MAAME,QAAQ,SAAS;AACzBN,iBAASL,UAAUG,KAAK,CAAC;AAAA,MAC3B;AAAA,IACF,KAZF;AAAA;AAAA;AAAA;AAAA,WAYI;AAAA,IAEJ,uBAAC,YACC,WAAU,gBACV,SAAS,MAAME,SAASL,UAAUG,KAAK,CAAC,GACxC,MAAK,gBACN,qBAJD;AAAA;AAAA;AAAA;AAAA,WAMA;AAAA,OArBF;AAAA;AAAA;AAAA;AAAA,SAsBA;AAEJ;AAACD,GA/BeD,QAAM;AAAA,UAGHH,aACFC,WAAW;AAAA;AAAAa,KAJZX;AAAM;AAAAY",
      "names": [
        "useState",
        "useDispatch",
        "useSelector",
        "setSearch",
        "Search",
        "_s",
        "input",
        "setInput",
        "dispatch",
        "search",
        "state",
        "value",
        "event",
        "target",
        "key",
        "_c",
        "$RefreshReg$"
      ],
      "sources": [
        "C:/Users/LoginamNet/Desktop/rsschool-react/src/components/search/Search.tsx"
      ],
      "file": "C:/Users/LoginamNet/Desktop/rsschool-react/src/components/search/Search.tsx"
    },
    "_coverageSchema": "1a1c01bbd47fc00a2c39e90264f33305004495a9",
    "hash": "094ceb08d8b9e6dacad74e35b1049819122a94d7"
  },
  "C:/Users/LoginamNet/Desktop/rsschool-react/src/components/cards/Card.tsx": {
    "path": "C:/Users/LoginamNet/Desktop/rsschool-react/src/components/cards/Card.tsx",
    "statementMap": {
      "0": {
        "start": {
          "line": 5,
          "column": 0
        },
        "end": {
          "line": 15,
          "column": 1
        }
      },
      "1": {
        "start": {
          "line": 6,
          "column": 2
        },
        "end": {
          "line": 8,
          "column": 3
        }
      },
      "2": {
        "start": {
          "line": 7,
          "column": 4
        },
        "end": {
          "line": 7,
          "column": 165
        }
      },
      "3": {
        "start": {
          "line": 9,
          "column": 2
        },
        "end": {
          "line": 9,
          "column": 39
        }
      },
      "4": {
        "start": {
          "line": 10,
          "column": 2
        },
        "end": {
          "line": 10,
          "column": 39
        }
      },
      "5": {
        "start": {
          "line": 11,
          "column": 2
        },
        "end": {
          "line": 13,
          "column": 4
        }
      },
      "6": {
        "start": {
          "line": 12,
          "column": 4
        },
        "end": {
          "line": 12,
          "column": 116
        }
      },
      "7": {
        "start": {
          "line": 14,
          "column": 2
        },
        "end": {
          "line": 14,
          "column": 75
        }
      },
      "8": {
        "start": {
          "line": 16,
          "column": 9
        },
        "end": {
          "line": 16,
          "column": 23
        }
      },
      "9": {
        "start": {
          "line": 20,
          "column": 2
        },
        "end": {
          "line": 20,
          "column": 7
        }
      },
      "10": {
        "start": {
          "line": 21,
          "column": 19
        },
        "end": {
          "line": 21,
          "column": 32
        }
      },
      "11": {
        "start": {
          "line": 22,
          "column": 2
        },
        "end": {
          "line": 54,
          "column": 11
        }
      },
      "12": {
        "start": {
          "line": 39,
          "column": 6
        },
        "end": {
          "line": 39,
          "column": 31
        }
      },
      "13": {
        "start": {
          "line": 40,
          "column": 6
        },
        "end": {
          "line": 40,
          "column": 37
        }
      },
      "14": {
        "start": {
          "line": 56,
          "column": 0
        },
        "end": {
          "line": 58,
          "column": 3
        }
      },
      "15": {
        "start": {
          "line": 57,
          "column": 2
        },
        "end": {
          "line": 57,
          "column": 23
        }
      },
      "16": {
        "start": {
          "line": 59,
          "column": 0
        },
        "end": {
          "line": 59,
          "column": 10
        }
      },
      "17": {
        "start": {
          "line": 61,
          "column": 0
        },
        "end": {
          "line": 61,
          "column": 25
        }
      },
      "18": {
        "start": {
          "line": 62,
          "column": 0
        },
        "end": {
          "line": 78,
          "column": 1
        }
      },
      "19": {
        "start": {
          "line": 63,
          "column": 2
        },
        "end": {
          "line": 63,
          "column": 39
        }
      },
      "20": {
        "start": {
          "line": 64,
          "column": 2
        },
        "end": {
          "line": 64,
          "column": 39
        }
      },
      "21": {
        "start": {
          "line": 65,
          "column": 2
        },
        "end": {
          "line": 77,
          "column": 5
        }
      },
      "22": {
        "start": {
          "line": 69,
          "column": 4
        },
        "end": {
          "line": 69,
          "column": 142
        }
      },
      "23": {
        "start": {
          "line": 70,
          "column": 4
        },
        "end": {
          "line": 76,
          "column": 7
        }
      },
      "24": {
        "start": {
          "line": 71,
          "column": 6
        },
        "end": {
          "line": 72,
          "column": 15
        }
      },
      "25": {
        "start": {
          "line": 72,
          "column": 8
        },
        "end": {
          "line": 72,
          "column": 15
        }
      },
      "26": {
        "start": {
          "line": 73,
          "column": 32
        },
        "end": {
          "line": 73,
          "column": 115
        }
      },
      "27": {
        "start": {
          "line": 74,
          "column": 6
        },
        "end": {
          "line": 75,
          "column": 54
        }
      },
      "28": {
        "start": {
          "line": 75,
          "column": 8
        },
        "end": {
          "line": 75,
          "column": 54
        }
      }
    },
    "fnMap": {
      "0": {
        "name": "(anonymous_0)",
        "decl": {
          "start": {
            "line": 11,
            "column": 24
          },
          "end": {
            "line": 11,
            "column": 25
          }
        },
        "loc": {
          "start": {
            "line": 11,
            "column": 38
          },
          "end": {
            "line": 13,
            "column": 3
          }
        },
        "line": 11
      },
      "1": {
        "name": "Card",
        "decl": {
          "start": {
            "line": 19,
            "column": 16
          },
          "end": {
            "line": 19,
            "column": 20
          }
        },
        "loc": {
          "start": {
            "line": 19,
            "column": 28
          },
          "end": {
            "line": 55,
            "column": 1
          }
        },
        "line": 19
      },
      "2": {
        "name": "(anonymous_2)",
        "decl": {
          "start": {
            "line": 38,
            "column": 80
          },
          "end": {
            "line": 38,
            "column": 81
          }
        },
        "loc": {
          "start": {
            "line": 38,
            "column": 86
          },
          "end": {
            "line": 41,
            "column": 5
          }
        },
        "line": 38
      },
      "3": {
        "name": "(anonymous_3)",
        "decl": {
          "start": {
            "line": 56,
            "column": 48
          },
          "end": {
            "line": 56,
            "column": 49
          }
        },
        "loc": {
          "start": {
            "line": 56,
            "column": 59
          },
          "end": {
            "line": 58,
            "column": 1
          }
        },
        "line": 56
      },
      "4": {
        "name": "(anonymous_4)",
        "decl": {
          "start": {
            "line": 68,
            "column": 9
          },
          "end": {
            "line": 68,
            "column": 10
          }
        },
        "loc": {
          "start": {
            "line": 68,
            "column": 29
          },
          "end": {
            "line": 77,
            "column": 3
          }
        },
        "line": 68
      },
      "5": {
        "name": "(anonymous_5)",
        "decl": {
          "start": {
            "line": 70,
            "column": 27
          },
          "end": {
            "line": 70,
            "column": 28
          }
        },
        "loc": {
          "start": {
            "line": 70,
            "column": 44
          },
          "end": {
            "line": 76,
            "column": 5
          }
        },
        "line": 70
      }
    },
    "branchMap": {
      "0": {
        "loc": {
          "start": {
            "line": 5,
            "column": 0
          },
          "end": {
            "line": 15,
            "column": 1
          }
        },
        "type": "if",
        "locations": [
          {
            "start": {
              "line": 5,
              "column": 0
            },
            "end": {
              "line": 15,
              "column": 1
            }
          },
          {
            "start": {},
            "end": {}
          }
        ],
        "line": 5
      },
      "1": {
        "loc": {
          "start": {
            "line": 6,
            "column": 2
          },
          "end": {
            "line": 8,
            "column": 3
          }
        },
        "type": "if",
        "locations": [
          {
            "start": {
              "line": 6,
              "column": 2
            },
            "end": {
              "line": 8,
              "column": 3
            }
          },
          {
            "start": {},
            "end": {}
          }
        ],
        "line": 6
      },
      "2": {
        "loc": {
          "start": {
            "line": 62,
            "column": 0
          },
          "end": {
            "line": 78,
            "column": 1
          }
        },
        "type": "if",
        "locations": [
          {
            "start": {
              "line": 62,
              "column": 0
            },
            "end": {
              "line": 78,
              "column": 1
            }
          },
          {
            "start": {},
            "end": {}
          }
        ],
        "line": 62
      },
      "3": {
        "loc": {
          "start": {
            "line": 71,
            "column": 6
          },
          "end": {
            "line": 72,
            "column": 15
          }
        },
        "type": "if",
        "locations": [
          {
            "start": {
              "line": 71,
              "column": 6
            },
            "end": {
              "line": 72,
              "column": 15
            }
          },
          {
            "start": {},
            "end": {}
          }
        ],
        "line": 71
      },
      "4": {
        "loc": {
          "start": {
            "line": 74,
            "column": 6
          },
          "end": {
            "line": 75,
            "column": 54
          }
        },
        "type": "if",
        "locations": [
          {
            "start": {
              "line": 74,
              "column": 6
            },
            "end": {
              "line": 75,
              "column": 54
            }
          },
          {
            "start": {},
            "end": {}
          }
        ],
        "line": 74
      }
    },
    "s": {
      "0": 8,
      "1": 8,
      "2": 0,
      "3": 8,
      "4": 8,
      "5": 8,
      "6": 8,
      "7": 8,
      "8": 8,
      "9": 0,
      "10": 0,
      "11": 0,
      "12": 0,
      "13": 0,
      "14": 8,
      "15": 0,
      "16": 8,
      "17": 8,
      "18": 8,
      "19": 8,
      "20": 8,
      "21": 8,
      "22": 8,
      "23": 8,
      "24": 0,
      "25": 0,
      "26": 0,
      "27": 0,
      "28": 0
    },
    "f": {
      "0": 8,
      "1": 0,
[...]
          },
          {
            "start": {},
            "end": {}
          }
        ],
        "line": 5
      },
      "1": {
        "loc": {
          "start": {
            "line": 6,
            "column": 2
          },
          "end": {
            "line": 8,
            "column": 3
          }
        },
        "type": "if",
        "locations": [
          {
            "start": {
              "line": 6,
              "column": 2
            },
            "end": {
              "line": 8,
              "column": 3
            }
          },
          {
            "start": {},
            "end": {}
          }
        ],
        "line": 6
      },
      "2": {
        "loc": {
          "start": {
            "line": 49,
            "column": 0
          },
          "end": {
            "line": 65,
            "column": 1
          }
        },
        "type": "if",
        "locations": [
          {
            "start": {
              "line": 49,
              "column": 0
            },
            "end": {
              "line": 65,
              "column": 1
            }
          },
          {
            "start": {},
            "end": {}
          }
        ],
        "line": 49
      },
      "3": {
        "loc": {
          "start": {
            "line": 58,
            "column": 6
          },
          "end": {
            "line": 59,
            "column": 15
          }
        },
        "type": "if",
        "locations": [
          {
            "start": {
              "line": 58,
              "column": 6
            },
            "end": {
              "line": 59,
              "column": 15
            }
          },
          {
            "start": {},
            "end": {}
          }
        ],
        "line": 58
      },
      "4": {
        "loc": {
          "start": {
            "line": 61,
            "column": 6
          },
          "end": {
            "line": 62,
            "column": 54
          }
        },
        "type": "if",
        "locations": [
          {
            "start": {
              "line": 61,
              "column": 6
            },
            "end": {
              "line": 62,
              "column": 54
            }
          },
          {
            "start": {},
            "end": {}
          }
        ],
        "line": 61
      }
    },
    "s": {
      "0": 8,
      "1": 8,
      "2": 0,
      "3": 8,
      "4": 8,
      "5": 8,
      "6": 8,
      "7": 8,
      "8": 8,
      "9": 2,
      "10": 2,
      "11": 2,
      "12": 2,
      "13": 2,
      "14": 8,
      "15": 1,
      "16": 8,
      "17": 8,
      "18": 8,
      "19": 8,
      "20": 8,
      "21": 8,
      "22": 8,
      "23": 8,
      "24": 0,
      "25": 0,
      "26": 0,
      "27": 0,
      "28": 0
    },
    "f": {
      "0": 8,
      "1": 2,
      "2": 2,
      "3": 1,
      "4": 8,
      "5": 0
    },
    "b": {
      "0": [
        8,
        0
      ],
      "1": [
        0,
        8
      ],
      "2": [
        8,
        0
      ],
      "3": [
        0,
        0
      ],
      "4": [
        0,
        0
      ]
    },
    "inputSourceMap": {
      "version": 3,
      "mappings": "AAaM;;;;;;;;;;;;;;;;AAbN,SAAgBA,iBAAiB;AACjC,SAASC,mBAAmB;AAC5B,SAASC,sBAAsB;AAExB,gBAASC,eAAe;AAAAC;AAC7B,QAAMC,WAAWJ,YAAW;AAE5BD,YAAU,MAAM;AACdK,aAASH,eAAe,KAAK,CAAC;AAAA,EAChC,CAAC;AAED,SACE,uBAAC,SAAI,WAAU,qBACb;AAAA,2BAAC,QAAG,qBAAJ;AAAA;AAAA;AAAA;AAAA,WAAS;AAAA,IACT,uBAAC,UAAK,qCAAN;AAAA;AAAA;AAAA;AAAA,WAA2B;AAAA,OAF7B;AAAA;AAAA;AAAA;AAAA,SAGA;AAEJ;AAACE,GAbeD,cAAY;AAAA,UACTF,WAAW;AAAA;AAAAK,KADdH;AAAY;AAAAI",
      "names": [
        "useEffect",
        "useDispatch",
        "setHeaderTitle",
        "NotFoundPage",
        "_s",
        "dispatch",
        "_c",
        "$RefreshReg$"
      ],
      "sources": [
        "C:/Users/LoginamNet/Desktop/rsschool-react/src/pages/NotFound.tsx"
      ],
      "file": "C:/Users/LoginamNet/Desktop/rsschool-react/src/pages/NotFound.tsx"
    },
    "_coverageSchema": "1a1c01bbd47fc00a2c39e90264f33305004495a9",
    "hash": "1c137b5c1182446d224834785dc9988dd7eac144"
  },
  "C:/Users/LoginamNet/Desktop/rsschool-react/src/App.tsx": {
    "path": "C:/Users/LoginamNet/Desktop/rsschool-react/src/App.tsx",
    "statementMap": {
      "0": {
        "start": {
          "line": 5,
          "column": 0
        },
        "end": {
          "line": 15,
          "column": 1
        }
      },
      "1": {
        "start": {
          "line": 6,
          "column": 2
        },
        "end": {
          "line": 8,
          "column": 3
        }
      },
      "2": {
        "start": {
          "line": 7,
          "column": 4
        },
        "end": {
          "line": 7,
          "column": 165
        }
      },
      "3": {
        "start": {
          "line": 9,
          "column": 2
        },
        "end": {
          "line": 9,
          "column": 39
        }
      },
      "4": {
        "start": {
          "line": 10,
          "column": 2
        },
        "end": {
          "line": 10,
          "column": 39
        }
      },
      "5": {
        "start": {
          "line": 11,
          "column": 2
        },
        "end": {
          "line": 13,
          "column": 4
        }
      },
      "6": {
        "start": {
          "line": 12,
          "column": 4
        },
        "end": {
          "line": 12,
          "column": 98
        }
      },
      "7": {
        "start": {
          "line": 14,
          "column": 2
        },
        "end": {
          "line": 14,
          "column": 75
        }
      },
      "8": {
        "start": {
          "line": 23,
          "column": 2
        },
        "end": {
          "line": 72,
          "column": 11
        }
      },
      "9": {
        "start": {
          "line": 74,
          "column": 0
        },
        "end": {
          "line": 74,
          "column": 9
        }
      },
      "10": {
        "start": {
          "line": 77,
          "column": 0
        },
        "end": {
          "line": 77,
          "column": 24
        }
      },
      "11": {
        "start": {
          "line": 78,
          "column": 0
        },
        "end": {
          "line": 94,
          "column": 1
        }
      },
      "12": {
        "start": {
          "line": 79,
          "column": 2
        },
        "end": {
          "line": 79,
          "column": 39
        }
      },
      "13": {
        "start": {
          "line": 80,
          "column": 2
        },
        "end": {
          "line": 80,
          "column": 39
        }
      },
      "14": {
        "start": {
          "line": 81,
          "column": 2
        },
        "end": {
          "line": 93,
          "column": 5
        }
      },
      "15": {
        "start": {
          "line": 85,
          "column": 4
        },
        "end": {
          "line": 85,
          "column": 124
        }
      },
      "16": {
        "start": {
          "line": 86,
          "column": 4
        },
        "end": {
          "line": 92,
          "column": 7
        }
      },
      "17": {
        "start": {
          "line": 87,
          "column": 6
        },
        "end": {
          "line": 88,
          "column": 15
        }
      },
      "18": {
        "start": {
          "line": 88,
          "column": 8
        },
        "end": {
          "line": 88,
          "column": 15
        }
      },
      "19": {
        "start": {
          "line": 89,
          "column": 32
        },
        "end": {
          "line": 89,
          "column": 115
        }
      },
      "20": {
        "start": {
          "line": 90,
          "column": 6
        },
        "end": {
          "line": 91,
          "column": 54
        }
      },
      "21": {
        "start": {
          "line": 91,
          "column": 8
        },
        "end": {
          "line": 91,
          "column": 54
        }
      }
    },
    "fnMap": {
      "0": {
        "name": "(anonymous_0)",
        "decl": {
          "start": {
            "line": 11,
            "column": 24
          },
          "end": {
            "line": 11,
            "column": 25
          }
        },
        "loc": {
          "start": {
            "line": 11,
            "column": 38
          },
          "end": {
            "line": 13,
            "column": 3
          }
        },
        "line": 11
      },
      "1": {
        "name": "App",
        "decl": {
          "start": {
            "line": 22,
            "column": 9
          },
          "end": {
            "line": 22,
            "column": 12
          }
        },
        "loc": {
          "start": {
            "line": 22,
            "column": 15
          },
          "end": {
            "line": 73,
            "column": 1
          }
        },
        "line": 22
      },
      "2": {
        "name": "(anonymous_2)",
        "decl": {
          "start": {
            "line": 84,
            "column": 9
          },
          "end": {
            "line": 84,
            "column": 10
          }
        },
        "loc": {
          "start": {
            "line": 84,
            "column": 29
          },
          "end": {
            "line": 93,
            "column": 3
          }
        },
        "line": 84
      },
      "3": {
        "name": "(anonymous_3)",
        "decl": {
          "start": {
            "line": 86,
            "column": 27
          },
          "end": {
            "line": 86,
            "column": 28
          }
        },
        "loc": {
          "start": {
            "line": 86,
            "column": 44
          },
          "end": {
            "line": 92,
            "column": 5
          }
        },
        "line": 86
      }
    },
    "branchMap": {
      "0": {
        "loc": {
          "start": {
            "line": 5,
            "column": 0
          },
          "end": {
            "line": 15,
            "column": 1
          }
        },
        "type": "if",
        "locations": [
          {
            "start": {
              "line": 5,
              "column": 0
            },
            "end": {
              "line": 15,
              "column": 1
            }
          },
          {
            "start": {},
            "end": {}
          }
        ],
        "line": 5
      },
      "1": {
        "loc": {
          "start": {
            "line": 6,
            "column": 2
          },
          "end": {
            "line": 8,
            "column": 3
          }
        },
        "type": "if",
        "locations": [
          {
            "start": {
              "line": 6,
              "column": 2
            },
            "end": {
              "line": 8,
              "column": 3
            }
          },
          {
            "start": {},
            "end": {}
          }
        ],
        "line": 6
      },
      "2": {
        "loc": {
          "start": {
            "line": 78,
            "column": 0
          },
          "end": {
            "line": 94,
            "column": 1
          }
        },
        "type": "if",
        "locations": [
          {
            "start": {
              "line": 78,
              "column": 0
            },
            "end": {
              "line": 94,
              "column": 1
            }
          },
          {
            "start": {},
            "end": {}
          }
        ],
        "line": 78
      },
      "3": {
        "loc": {
          "start": {
            "line": 87,
            "column": 6
          },
          "end": {
            "line": 88,
            "column": 15
          }
        },
        "type": "if",
        "locations": [
          {
            "start": {
              "line": 87,
              "column": 6
            },
            "end": {
              "line": 88,
              "column": 15
            }
          },
          {
            "start": {},
            "end": {}
          }
        ],
        "line": 87
      },
      "4": {
        "loc": {
          "start": {
            "line": 90,
            "column": 6
          },
          "end": {
            "line": 91,
            "column": 54
          }
        },
        "type": "if",
        "locations": [
          {
            "start": {
              "line": 90,
              "column": 6
            },
            "end": {
              "line": 91,
              "column": 54
            }
          },
          {
            "start": {},
            "end": {}
          }
        ],
        "line": 90
      }
    },
    "s": {
      "0": 8,
      "1": 8,
      "2": 0,
      "3": 8,
      "4": 8,
      "5": 8,
      "6": 8,
      "7": 8,
      "8": 16,
      "9": 8,
      "10": 8,
      "11": 8,
      "12": 8,
      "13": 8,
      "14": 8,
      "15": 8,
      "16": 8,
      "17": 0,
      "18": 0,
      "19": 0,
      "20": 0,
      "21": 0
    },
    "f": {
      "0": 8,
      "1": 16,
      "2": 8,
      "3": 0
    },
    "b": {
      "0": [
        8,
        0
      ],
      "1": [
        0,
        8
      ],
      "2": [
        8,
        0
      ],
      "3": [
        0,
        0
      ],
      "4": [
        0,
        0
      ]
    },
    "inputSourceMap": {
      "version": 3,
      "mappings": "AAW+B;AAX/B,2BAAsB;AAAQ,IAAkB;AAAA;AAAA;AAAA;AAAA;AAAA;AAAA;AAAA;AAAA;AAAA;AAAA;AAAA;AAAA;AAAA;AAEhD,SAASA,cAAc;AACvB,SAASC,YAAY;AACrB,SAASC,aAAa;AACtB,SAASC,YAAY;AACrB,SAASC,oBAAoB;AAE7B,SAASC,MAAM;AACb,SACE,uBAAC,UACC,iCAAC,SAAM,MAAK,KAAI,SAAS,uBAAC,YAAD;AAAA;AAAA;AAAA;AAAA,SAAO,GAC9B;AAAA,2BAAC,SAAM,OAAK,MAAC,SAAS,uBAAC,UAAD;AAAA;AAAA;AAAA;AAAA,WAAK,KAA3B;AAAA;AAAA;AAAA;AAAA,WAAgC;AAAA,IAChC,uBAAC,SAAM,MAAK,SAAQ,SAAS,uBAAC,WAAD;AAAA;AAAA;AAAA;AAAA,WAAM,KAAnC;AAAA;AAAA;AAAA;AAAA,WAAwC;AAAA,IACxC,uBAAC,SAAM,MAAK,QAAO,SAAS,uBAAC,UAAD;AAAA;AAAA;AAAA;AAAA,WAAK,KAAjC;AAAA;AAAA;AAAA;AAAA,WAAsC;AAAA,IACtC,uBAAC,SAAM,MAAK,KAAI,SAAS,uBAAC,kBAAD;AAAA;AAAA;AAAA;AAAA,WAAa,KAAtC;AAAA;AAAA;AAAA;AAAA,WAA2C;AAAA,OAJ7C;AAAA;AAAA;AAAA;AAAA,SAKA,KANF;AAAA;AAAA;AAAA;AAAA,SAOA;AAEJ;AAACC,KAXQD;AAaT,eAAeA;AAAI;AAAAE",
      "names": [
        "Layout",
        "Main",
        "About",
        "Form",
        "NotFoundPage",
        "App",
        "_c",
        "$RefreshReg$"
      ],
      "sources": [
        "C:/Users/LoginamNet/Desktop/rsschool-react/src/App.tsx"
      ],
      "file": "C:/Users/LoginamNet/Desktop/rsschool-react/src/App.tsx"
    },
    "_coverageSchema": "1a1c01bbd47fc00a2c39e90264f33305004495a9",
    "hash": "4a1709d6755d8831266e30ba03c1aaef96c1b274"
  },
  "C:/Users/LoginamNet/Desktop/rsschool-react/src/entry-client.tsx": {
    "path": "C:/Users/LoginamNet/Desktop/rsschool-react/src/entry-client.tsx",
    "statementMap": {
      "0": {
        "start": {
          "line": 9,
          "column": 0
        },
        "end": {
          "line": 25,
          "column": 10
        }
      }
    },
    "fnMap": {},
    "branchMap": {},
    "s": {
      "0": 8
    },
    "f": {},
    "b": {},
    "inputSourceMap": {
      "version": 3,
      "mappings": "AAcQ;AAdR,OAAOA,WAAW;AAClB,SAASC,mBAAmB;AAC5B,SAASC,qBAAqB;AAC9B,SAASC,gBAAgB;AACzB,SAASC,aAAa;AACtB,OAAO;AAEP,OAAOC,SAAS;AAEhBJ,YACEK,SAASC,eAAe,MAAM,GAC9B,uBAAC,MAAM,YAAN,EACC,iCAAC,YAAS,OACR,iCAAC,iBACC,iCAAC,SAAD;AAAA;AAAA;AAAA;AAAA,OAAI,KADN;AAAA;AAAA;AAAA;AAAA,OAEA,KAHF;AAAA;AAAA;AAAA;AAAA,OAIA,KALF;AAAA;AAAA;AAAA;AAAA,OAMA,CAAmB",
      "names": [
        "React",
        "hydrateRoot",
        "BrowserRouter",
        "Provider",
        "store",
        "App",
        "document",
        "getElementById"
      ],
      "sources": [
        "C:/Users/LoginamNet/Desktop/rsschool-react/src/entry-client.tsx"
      ],
      "file": "C:/Users/LoginamNet/Desktop/rsschool-react/src/entry-client.tsx"
    },
    "_coverageSchema": "1a1c01bbd47fc00a2c39e90264f33305004495a9",
    "hash": "8977579b89bf6ce57ff1d7a1f4e8852d2ef118f9"
  },
  "C:/Users/LoginamNet/Desktop/rsschool-react/src/setupTests.ts": {
    "path": "C:/Users/LoginamNet/Desktop/rsschool-react/src/setupTests.ts",
    "statementMap": {},
    "fnMap": {},
    "branchMap": {},
    "s": {},
    "f": {},
    "b": {}
  },
  "C:/Users/LoginamNet/Desktop/rsschool-react/src/App.test.tsx": {
    "path": "C:/Users/LoginamNet/Desktop/rsschool-react/src/App.test.tsx",
    "statementMap": {},
    "fnMap": {},
    "branchMap": {},
    "s": {},
    "f": {},
    "b": {}
  },
  "C:/Users/LoginamNet/Desktop/rsschool-react/src/entry-server.tsx": {
    "path": "C:/Users/LoginamNet/Desktop/rsschool-react/src/entry-server.tsx",
    "statementMap": {},
    "fnMap": {},
    "branchMap": {},
    "s": {},
    "f": {},
    "b": {}
  },
  "C:/Users/LoginamNet/Desktop/rsschool-react/src/index.tsx": {
    "path": "C:/Users/LoginamNet/Desktop/rsschool-react/src/index.tsx",
    "statementMap": {},
    "fnMap": {},
    "branchMap": {},
    "s": {},
    "f": {},
    "b": {}
  },
  "C:/Users/LoginamNet/Desktop/rsschool-react/src/common/data.tsx": {
    "path": "C:/Users/LoginamNet/Desktop/rsschool-react/src/common/data.tsx",
    "statementMap": {},
    "fnMap": {},
    "branchMap": {},
    "s": {},
    "f": {},
    "b": {}
  },
  "C:/Users/LoginamNet/Desktop/rsschool-react/src/common/handlers.tsx": {
    "path": "C:/Users/LoginamNet/Desktop/rsschool-react/src/common/handlers.tsx",
    "statementMap": {},
    "fnMap": {},
    "branchMap": {},
    "s": {},
    "f": {},
    "b": {}
  },
  "C:/Users/LoginamNet/Desktop/rsschool-react/src/common/render.tsx": {
    "path": "C:/Users/LoginamNet/Desktop/rsschool-react/src/common/render.tsx",
    "statementMap": {},
    "fnMap": {},
    "branchMap": {},
    "s": {},
    "f": {},
    "b": {}
  },
  "C:/Users/LoginamNet/Desktop/rsschool-react/src/common/server.tsx": {
    "path": "C:/Users/LoginamNet/Desktop/rsschool-react/src/common/server.tsx",
    "statementMap": {},
    "fnMap": {},
    "branchMap": {},
    "s": {},
    "f": {},
    "b": {}
  },
  "C:/Users/LoginamNet/Desktop/rsschool-react/src/pages/Pages.test.tsx": {
    "path": "C:/Users/LoginamNet/Desktop/rsschool-react/src/pages/Pages.test.tsx",
    "statementMap": {},
    "fnMap": {},
    "branchMap": {},
    "s": {},
    "f": {},
    "b": {}
  },
  "C:/Users/LoginamNet/Desktop/rsschool-react/src/components/cards/Cards.test.tsx": {
    "path": "C:/Users/LoginamNet/Desktop/rsschool-react/src/components/cards/Cards.test.tsx",
    "statementMap": {},
    "fnMap": {},
    "branchMap": {},
    "s": {},
    "f": {},
    "b": {}
  },
  "C:/Users/LoginamNet/Desktop/rsschool-react/src/components/form/Form.test.tsx": {
    "path": "C:/Users/LoginamNet/Desktop/rsschool-react/src/components/form/Form.test.tsx",
    "statementMap": {},
    "fnMap": {},
    "branchMap": {},
    "s": {},
    "f": {},
    "b": {}
  },
  "C:/Users/LoginamNet/Desktop/rsschool-react/src/components/loading/Loading.test.tsx": {
    "path": "C:/Users/LoginamNet/Desktop/rsschool-react/src/components/loading/Loading.test.tsx",
    "statementMap": {},
    "fnMap": {},
    "branchMap": {},
    "s": {},
    "f": {},
    "b": {}
  },
  "C:/Users/LoginamNet/Desktop/rsschool-react/src/components/modal/FormModal.test.tsx": {
    "path": "C:/Users/LoginamNet/Desktop/rsschool-react/src/components/modal/FormModal.test.tsx",
    "statementMap": {},
    "fnMap": {},
    "branchMap": {},
    "s": {},
    "f": {},
    "b": {}
  },
  "C:/Users/LoginamNet/Desktop/rsschool-react/src/components/modal/MainModal.test.tsx": {
    "path": "C:/Users/LoginamNet/Desktop/rsschool-react/src/components/modal/MainModal.test.tsx",
    "statementMap": {},
    "fnMap": {},
    "branchMap": {},
    "s": {},
    "f": {},
    "b": {}
  },
  "C:/Users/LoginamNet/Desktop/rsschool-react/src/components/search/Search.test.tsx": {
    "path": "C:/Users/LoginamNet/Desktop/rsschool-react/src/components/search/Search.test.tsx",
    "statementMap": {},
    "fnMap": {},
    "branchMap": {},
    "s": {},
    "f": {},
    "b": {}
  }
}
